<?xml version="1.0" encoding="UTF-8"?>
<testng-results total="2" passed="2" failed="0" skipped="0">
  <reporter-output>
  </reporter-output>
  <suite started-at="2022-03-16T17:54:03Z" name="Default suite" finished-at="2022-03-16T17:54:15Z" duration-ms="11368">
    <groups>
    </groups>
    <test started-at="2022-03-16T17:54:03Z" name="Default test" finished-at="2022-03-16T17:54:15Z" duration-ms="11368">
      <class name="resttesting.e_commerce">
        <test-method signature="Login()[pri:1, instance:resttesting.e_commerce@4278284b]" started-at="2022-03-16T23:24:04Z" name="Login" finished-at="2022-03-16T23:24:12Z" duration-ms="8569" status="PASS">
          <reporter-output>
          </reporter-output>
        </test-method> <!-- Login -->
        <test-method signature="Getallusers()[pri:2, instance:resttesting.e_commerce@4278284b]" started-at="2022-03-16T23:24:12Z" name="Getallusers" finished-at="2022-03-16T23:24:15Z" duration-ms="2739" status="PASS">
          <reporter-output>
          </reporter-output>
        </test-method> <!-- Getallusers -->
      </class> <!-- resttesting.e_commerce -->
    </test> <!-- Default test -->
  </suite> <!-- Default suite -->
</testng-results>
