<?xml version="1.0" encoding="UTF-8"?>
<!-- Generated by org.testng.reporters.JUnitXMLReporter -->
<testsuite hostname="DESKTOP-679OTB3" name="Test" tests="5" failures="5" timestamp="19 Mar 2022 12:43:16 GMT" time="12.937" errors="0">
  <testcase name="signup" time="6.943" classname="resttesting.e_commerce">
    <failure type="java.lang.SecurityException" message="class &amp;quot;org.hamcrest.Matchers&amp;quot;&amp;apos;s signer information does not match signer information of other classes in the same package">
      <![CDATA[java.lang.SecurityException: class "org.hamcrest.Matchers"'s signer information does not match signer information of other classes in the same package
	at java.lang.ClassLoader.checkCerts(ClassLoader.java:898)
	at java.lang.ClassLoader.preDefineClass(ClassLoader.java:668)
	at java.lang.ClassLoader.defineClass(ClassLoader.java:761)
	at java.security.SecureClassLoader.defineClass(SecureClassLoader.java:142)
	at java.net.URLClassLoader.defineClass(URLClassLoader.java:468)
	at java.net.URLClassLoader.access$100(URLClassLoader.java:74)
	at java.net.URLClassLoader$1.run(URLClassLoader.java:369)
	at java.net.URLClassLoader$1.run(URLClassLoader.java:363)
	at java.security.AccessController.doPrivileged(Native Method)
	at java.net.URLClassLoader.findClass(URLClassLoader.java:362)
	at java.lang.ClassLoader.loadClass(ClassLoader.java:424)
	at sun.misc.Launcher$AppClassLoader.loadClass(Launcher.java:349)
	at java.lang.ClassLoader.loadClass(ClassLoader.java:357)
	at io.restassured.internal.ResponseSpecificationImpl.statusCode(ResponseSpecificationImpl.groovy:135)
	at io.restassured.internal.ValidatableResponseOptionsImpl.statusCode(ValidatableResponseOptionsImpl.java:89)
	at io.restassured.internal.ValidatableResponseImpl.super$2$statusCode(ValidatableResponseImpl.groovy)
	at groovy.lang.MetaMethod.doMethodInvoke(MetaMethod.java:323)
	at groovy.lang.MetaClassImpl.invokeMethod(MetaClassImpl.java:1268)
	at org.codehaus.groovy.runtime.ScriptBytecodeAdapter.invokeMethodOnSuperN(ScriptBytecodeAdapter.java:144)
	at io.restassured.internal.ValidatableResponseImpl.statusCode(ValidatableResponseImpl.groovy:142)
	at io.restassured.internal.ValidatableResponseImpl.statusCode(ValidatableResponseImpl.groovy)
	at resttesting.e_commerce.signup(e_commerce.java:30)
... Removed 29 stack frames]]>
    </failure>
  </testcase> <!-- signup -->
  <testcase name="createBoard" time="0.848" classname="resttesting.trello">
    <failure type="java.lang.SecurityException" message="class &amp;quot;org.hamcrest.Matchers&amp;quot;&amp;apos;s signer information does not match signer information of other classes in the same package">
      <![CDATA[java.lang.SecurityException: class "org.hamcrest.Matchers"'s signer information does not match signer information of other classes in the same package
	at java.lang.ClassLoader.checkCerts(ClassLoader.java:898)
	at java.lang.ClassLoader.preDefineClass(ClassLoader.java:668)
	at java.lang.ClassLoader.defineClass(ClassLoader.java:761)
	at java.security.SecureClassLoader.defineClass(SecureClassLoader.java:142)
	at java.net.URLClassLoader.defineClass(URLClassLoader.java:468)
	at java.net.URLClassLoader.access$100(URLClassLoader.java:74)
	at java.net.URLClassLoader$1.run(URLClassLoader.java:369)
	at java.net.URLClassLoader$1.run(URLClassLoader.java:363)
	at java.security.AccessController.doPrivileged(Native Method)
	at java.net.URLClassLoader.findClass(URLClassLoader.java:362)
	at java.lang.ClassLoader.loadClass(ClassLoader.java:424)
	at sun.misc.Launcher$AppClassLoader.loadClass(Launcher.java:349)
	at java.lang.ClassLoader.loadClass(ClassLoader.java:357)
	at io.restassured.internal.ResponseSpecificationImpl.statusCode(ResponseSpecificationImpl.groovy:135)
	at io.restassured.internal.ValidatableResponseOptionsImpl.statusCode(ValidatableResponseOptionsImpl.java:89)
	at io.restassured.internal.ValidatableResponseImpl.super$2$statusCode(ValidatableResponseImpl.groovy)
	at groovy.lang.MetaMethod.doMethodInvoke(MetaMethod.java:323)
	at groovy.lang.MetaClassImpl.invokeMethod(MetaClassImpl.java:1268)
	at org.codehaus.groovy.runtime.ScriptBytecodeAdapter.invokeMethodOnSuperN(ScriptBytecodeAdapter.java:144)
	at io.restassured.internal.ValidatableResponseImpl.statusCode(ValidatableResponseImpl.groovy:142)
	at io.restassured.internal.ValidatableResponseImpl.statusCode(ValidatableResponseImpl.groovy)
	at resttesting.trello.createBoard(trello.java:28)
... Removed 29 stack frames]]>
    </failure>
  </testcase> <!-- createBoard -->
  <testcase name="Login" time="3.682" classname="resttesting.e_commerce">
    <failure type="java.lang.SecurityException" message="class &amp;quot;org.hamcrest.Matchers&amp;quot;&amp;apos;s signer information does not match signer information of other classes in the same package">
      <![CDATA[java.lang.SecurityException: class "org.hamcrest.Matchers"'s signer information does not match signer information of other classes in the same package
	at java.lang.ClassLoader.checkCerts(ClassLoader.java:898)
	at java.lang.ClassLoader.preDefineClass(ClassLoader.java:668)
	at java.lang.ClassLoader.defineClass(ClassLoader.java:761)
	at java.security.SecureClassLoader.defineClass(SecureClassLoader.java:142)
	at java.net.URLClassLoader.defineClass(URLClassLoader.java:468)
	at java.net.URLClassLoader.access$100(URLClassLoader.java:74)
	at java.net.URLClassLoader$1.run(URLClassLoader.java:369)
	at java.net.URLClassLoader$1.run(URLClassLoader.java:363)
	at java.security.AccessController.doPrivileged(Native Method)
	at java.net.URLClassLoader.findClass(URLClassLoader.java:362)
	at java.lang.ClassLoader.loadClass(ClassLoader.java:424)
	at sun.misc.Launcher$AppClassLoader.loadClass(Launcher.java:349)
	at java.lang.ClassLoader.loadClass(ClassLoader.java:357)
	at io.restassured.internal.ResponseSpecificationImpl.statusCode(ResponseSpecificationImpl.groovy:135)
	at io.restassured.internal.ValidatableResponseOptionsImpl.statusCode(ValidatableResponseOptionsImpl.java:89)
	at io.restassured.internal.ValidatableResponseImpl.super$2$statusCode(ValidatableResponseImpl.groovy)
	at groovy.lang.MetaMethod.doMethodInvoke(MetaMethod.java:323)
	at groovy.lang.MetaClassImpl.invokeMethod(MetaClassImpl.java:1268)
	at org.codehaus.groovy.runtime.ScriptBytecodeAdapter.invokeMethodOnSuperN(ScriptBytecodeAdapter.java:144)
	at io.restassured.internal.ValidatableResponseImpl.statusCode(ValidatableResponseImpl.groovy:142)
	at io.restassured.internal.ValidatableResponseImpl.statusCode(ValidatableResponseImpl.groovy)
	at resttesting.e_commerce.Login(e_commerce.java:55)
... Removed 29 stack frames]]>
    </failure>
  </testcase> <!-- Login -->
  <testcase name="getBoard" time="0.724" classname="resttesting.trello">
    <failure type="java.lang.SecurityException" message="class &amp;quot;org.hamcrest.Matchers&amp;quot;&amp;apos;s signer information does not match signer information of other classes in the same package">
      <![CDATA[java.lang.SecurityException: class "org.hamcrest.Matchers"'s signer information does not match signer information of other classes in the same package
	at java.lang.ClassLoader.checkCerts(ClassLoader.java:898)
	at java.lang.ClassLoader.preDefineClass(ClassLoader.java:668)
	at java.lang.ClassLoader.defineClass(ClassLoader.java:761)
	at java.security.SecureClassLoader.defineClass(SecureClassLoader.java:142)
	at java.net.URLClassLoader.defineClass(URLClassLoader.java:468)
	at java.net.URLClassLoader.access$100(URLClassLoader.java:74)
	at java.net.URLClassLoader$1.run(URLClassLoader.java:369)
	at java.net.URLClassLoader$1.run(URLClassLoader.java:363)
	at java.security.AccessController.doPrivileged(Native Method)
	at java.net.URLClassLoader.findClass(URLClassLoader.java:362)
	at java.lang.ClassLoader.loadClass(ClassLoader.java:424)
	at sun.misc.Launcher$AppClassLoader.loadClass(Launcher.java:349)
	at java.lang.ClassLoader.loadClass(ClassLoader.java:357)
	at io.restassured.internal.ResponseSpecificationImpl.statusCode(ResponseSpecificationImpl.groovy:135)
	at io.restassured.internal.ValidatableResponseOptionsImpl.statusCode(ValidatableResponseOptionsImpl.java:89)
	at io.restassured.internal.ValidatableResponseImpl.super$2$statusCode(ValidatableResponseImpl.groovy)
	at groovy.lang.MetaMethod.doMethodInvoke(MetaMethod.java:323)
	at groovy.lang.MetaClassImpl.invokeMethod(MetaClassImpl.java:1268)
	at org.codehaus.groovy.runtime.ScriptBytecodeAdapter.invokeMethodOnSuperN(ScriptBytecodeAdapter.java:144)
	at io.restassured.internal.ValidatableResponseImpl.statusCode(ValidatableResponseImpl.groovy:142)
	at io.restassured.internal.ValidatableResponseImpl.statusCode(ValidatableResponseImpl.groovy)
	at resttesting.trello.getBoard(trello.java:55)
... Removed 29 stack frames]]>
    </failure>
  </testcase> <!-- getBoard -->
  <testcase name="DeleteBoard" time="0.641" classname="resttesting.trello">
    <failure type="java.lang.SecurityException" message="class &amp;quot;org.hamcrest.Matchers&amp;quot;&amp;apos;s signer information does not match signer information of other classes in the same package">
      <![CDATA[java.lang.SecurityException: class "org.hamcrest.Matchers"'s signer information does not match signer information of other classes in the same package
	at java.lang.ClassLoader.checkCerts(ClassLoader.java:898)
	at java.lang.ClassLoader.preDefineClass(ClassLoader.java:668)
	at java.lang.ClassLoader.defineClass(ClassLoader.java:761)
	at java.security.SecureClassLoader.defineClass(SecureClassLoader.java:142)
	at java.net.URLClassLoader.defineClass(URLClassLoader.java:468)
	at java.net.URLClassLoader.access$100(URLClassLoader.java:74)
	at java.net.URLClassLoader$1.run(URLClassLoader.java:369)
	at java.net.URLClassLoader$1.run(URLClassLoader.java:363)
	at java.security.AccessController.doPrivileged(Native Method)
	at java.net.URLClassLoader.findClass(URLClassLoader.java:362)
	at java.lang.ClassLoader.loadClass(ClassLoader.java:424)
	at sun.misc.Launcher$AppClassLoader.loadClass(Launcher.java:349)
	at java.lang.ClassLoader.loadClass(ClassLoader.java:357)
	at io.restassured.internal.ResponseSpecificationImpl.statusCode(ResponseSpecificationImpl.groovy:135)
	at io.restassured.internal.ValidatableResponseOptionsImpl.statusCode(ValidatableResponseOptionsImpl.java:89)
	at io.restassured.internal.ValidatableResponseImpl.super$2$statusCode(ValidatableResponseImpl.groovy)
	at groovy.lang.MetaMethod.doMethodInvoke(MetaMethod.java:323)
	at groovy.lang.MetaClassImpl.invokeMethod(MetaClassImpl.java:1268)
	at org.codehaus.groovy.runtime.ScriptBytecodeAdapter.invokeMethodOnSuperN(ScriptBytecodeAdapter.java:144)
	at io.restassured.internal.ValidatableResponseImpl.statusCode(ValidatableResponseImpl.groovy:142)
	at io.restassured.internal.ValidatableResponseImpl.statusCode(ValidatableResponseImpl.groovy)
	at resttesting.trello.DeleteBoard(trello.java:75)
... Removed 29 stack frames]]>
    </failure>
  </testcase> <!-- DeleteBoard -->
</testsuite> <!-- Test -->
